# JRE version: Java(TM) SE Runtime Environment (8.0_131-b11) (build 1.8.0_131-b11)
# Java VM: Java HotSpot(TM) 64-Bit Server VM (25.131-b11 mixed mode linux-amd64 compressed oops)
Heap:
 PSYoungGen      total 36864K, used 20959K [0x00000000d6f80000, 0x00000000d9880000, 0x0000000100000000)
  eden space 31744K, 49% used [0x00000000d6f80000,0x00000000d7efa748,0x00000000d8e80000)
  from space 5120K, 99% used [0x00000000d9380000,0x00000000d987d6c0,0x00000000d9880000)
  to   space 5120K, 0% used [0x00000000d8e80000,0x00000000d8e80000,0x00000000d9380000)
 ParOldGen       total 84992K, used 5018K [0x0000000084e00000, 0x000000008a100000, 0x00000000d6f80000)
  object space 84992K, 5% used [0x0000000084e00000,0x00000000852e6a60,0x000000008a100000)
 Metaspace       used 18372K, capacity 19216K, committed 19328K, reserved 1067008K
  class space    used 2439K, capacity 2675K, committed 2688K, reserved 1048576K
GC Heap History (4 events):
Event: 1,015 GC heap before
{Heap before GC invocations=1 (full 0):
 PSYoungGen      total 36864K, used 31744K [0x00000000d6f80000, 0x00000000d9880000, 0x0000000100000000)
  eden space 31744K, 100% used [0x00000000d6f80000,0x00000000d8e80000,0x00000000d8e80000)
  from space 5120K, 0% used [0x00000000d9380000,0x00000000d9380000,0x00000000d9880000)
  to   space 5120K, 0% used [0x00000000d8e80000,0x00000000d8e80000,0x00000000d9380000)
 ParOldGen       total 84992K, used 0K [0x0000000084e00000, 0x000000008a100000, 0x00000000d6f80000)
  object space 84992K, 0% used [0x0000000084e00000,0x0000000084e00000,0x000000008a100000)
 Metaspace       used 12193K, capacity 12596K, committed 12800K, reserved 1060864K
  class space    used 1655K, capacity 1777K, committed 1792K, reserved 1048576K
Event: 1,024 GC heap after
Heap after GC invocations=1 (full 0):
 PSYoungGen      total 36864K, used 4269K [0x00000000d6f80000, 0x00000000d9880000, 0x0000000100000000)
  eden space 31744K, 0% used [0x00000000d6f80000,0x00000000d6f80000,0x00000000d8e80000)
  from space 5120K, 83% used [0x00000000d8e80000,0x00000000d92ab688,0x00000000d9380000)
  to   space 5120K, 0% used [0x00000000d9380000,0x00000000d9380000,0x00000000d9880000)
 ParOldGen       total 84992K, used 80K [0x0000000084e00000, 0x000000008a100000, 0x00000000d6f80000)
  object space 84992K, 0% used [0x0000000084e00000,0x0000000084e14010,0x000000008a100000)
 Metaspace       used 12193K, capacity 12596K, committed 12800K, reserved 1060864K
  class space    used 1655K, capacity 1777K, committed 1792K, reserved 1048576K
}
Event: 26,919 GC heap before
{Heap before GC invocations=2 (full 0):
 PSYoungGen      total 36864K, used 36013K [0x00000000d6f80000, 0x00000000d9880000, 0x0000000100000000)
  eden space 31744K, 100% used [0x00000000d6f80000,0x00000000d8e80000,0x00000000d8e80000)
  from space 5120K, 83% used [0x00000000d8e80000,0x00000000d92ab688,0x00000000d9380000)
  to   space 5120K, 0% used [0x00000000d9380000,0x00000000d9380000,0x00000000d9880000)
 ParOldGen       total 84992K, used 80K [0x0000000084e00000, 0x000000008a100000, 0x00000000d6f80000)
  object space 84992K, 0% used [0x0000000084e00000,0x0000000084e14010,0x000000008a100000)
 Metaspace       used 17641K, capacity 18404K, committed 18560K, reserved 1064960K
  class space    used 2432K, capacity 2667K, committed 2688K, reserved 1048576K
Event: 26,928 GC heap after
Heap after GC invocations=2 (full 0):
 PSYoungGen      total 36864K, used 5109K [0x00000000d6f80000, 0x00000000d9880000, 0x0000000100000000)
  eden space 31744K, 0% used [0x00000000d6f80000,0x00000000d6f80000,0x00000000d8e80000)
  from space 5120K, 99% used [0x00000000d9380000,0x00000000d987d6c0,0x00000000d9880000)
  to   space 5120K, 0% used [0x00000000d8e80000,0x00000000d8e80000,0x00000000d9380000)
 ParOldGen       total 84992K, used 5018K [0x0000000084e00000, 0x000000008a100000, 0x00000000d6f80000)
  object space 84992K, 5% used [0x0000000084e00000,0x00000000852e6a60,0x000000008a100000)
 Metaspace       used 17641K, capacity 18404K, committed 18560K, reserved 1064960K
  class space    used 2432K, capacity 2667K, committed 2688K, reserved 1048576K
}

